<?xml version="1.0" encoding="UTF-8"?>
<testng-results ignored="0" total="1" passed="1" failed="0" skipped="0">
  <reporter-output>
  </reporter-output>
  <suite started-at="2019-02-06T11:45:22Z" name="Default suite" finished-at="2019-02-06T11:46:22Z" duration-ms="59895">
    <groups>
    </groups>
    <test started-at="2019-02-06T11:45:22Z" name="Default test" finished-at="2019-02-06T11:46:22Z" duration-ms="59895">
      <class name="blueStoneAutomate.SeventYFivePer">
        <test-method signature="maintest()[pri:0, instance:blueStoneAutomate.SeventYFivePer@385e9564]" started-at="2019-02-06T11:45:22Z" name="maintest" finished-at="2019-02-06T11:46:22Z" duration-ms="59862" status="PASS">
          <reporter-output>
          </reporter-output>
        </test-method> <!-- maintest -->
      </class> <!-- blueStoneAutomate.SeventYFivePer -->
    </test> <!-- Default test -->
  </suite> <!-- Default suite -->
</testng-results>
